cd minilibx-linux ; make; cd ..
make[1]: Entering directory '/home/charbel/code/raytracer/minilibx-linux'
./configure
[96m[1mconfigure[0m [[92minfo[0m] : Found X11 include path directory: /usr/include
[96m[1mconfigure[0m [[92minfo[0m] : Generate "makefile.gen" from template "makefile.mk"
[96m[1mconfigure[0m [[92minfo[0m] : Generate "test/makefile.gen" from template "test/makefile.mk"
[96m[1mconfigure[0m [[92minfo[0m] : Execute "make all" from file "makefile.gen"
make[2]: Entering directory '/home/charbel/code/raytracer/minilibx-linux'
make[2]: Nothing to be done for 'all'.
make[2]: Leaving directory '/home/charbel/code/raytracer/minilibx-linux'
[96m[1mconfigure[0m [[92minfo[0m] : Execute "make all" from file "test/makefile.gen"
make[2]: Entering directory '/home/charbel/code/raytracer/minilibx-linux/test'
gcc -o mlx-test main.o -L.. -lmlx -L/usr/include/../lib -lXext -lX11 -lm -lbsd
/usr/bin/ld: cannot find -lbsd: No such file or directory
collect2: error: ld returned 1 exit status
make[2]: *** [Makefile.gen:31: mlx-test] Error 1
make[2]: Leaving directory '/home/charbel/code/raytracer/minilibx-linux/test'
make[1]: *** [Makefile:17: do_configure] Error 2
make[1]: Leaving directory '/home/charbel/code/raytracer/minilibx-linux'
cc -Wall -Wextra -Werror *.c libft.a -Iminilibx-linux -Lminilibx-linux -lmlx -lX11 -lXext -lm
In file included from object.h:5,
                 from universe.h:4,
                 from camera.h:8,
                 from camera.c:1:
material.h:16:17: error: unknown type name â€˜t_mirrorâ€™
   16 |                 t_mirror mirror;
      |                 ^~~~~~~~
In file included from object.h:5,
                 from universe.h:4,
                 from lambertphong.c:2:
material.h:16:17: error: unknown type name â€˜t_mirrorâ€™
   16 |                 t_mirror mirror;
      |                 ^~~~~~~~
In file included from object.h:5,
                 from parser.h:12,
                 from main.c:3:
material.h:16:17: error: unknown type name â€˜t_mirrorâ€™
   16 |                 t_mirror mirror;
      |                 ^~~~~~~~
In file included from managematerials.h:5,
                 from managematerials.c:1:
material.h:16:17: error: unknown type name â€˜t_mirrorâ€™
   16 |                 t_mirror mirror;
      |                 ^~~~~~~~
In file included from material.c:1:
material.h:16:17: error: unknown type name â€˜t_mirrorâ€™
   16 |                 t_mirror mirror;
      |                 ^~~~~~~~
material.c: In function â€˜mat_fillMirrorâ€™:
material.c:22:9: error: implicit declaration of function â€˜mirror_fillMirrorâ€™; did you mean â€˜mat_fillMirrorâ€™? [-Werror=implicit-function-declaration]
   22 |         mirror_fillMirror(&mat->as.mirror, onoff);
      |         ^~~~~~~~~~~~~~~~~
      |         mat_fillMirror
cc1: all warnings being treated as errors
In file included from object.h:5,
                 from object.c:1:
material.h:16:17: error: unknown type name â€˜t_mirrorâ€™
   16 |                 t_mirror mirror;
      |                 ^~~~~~~~
In file included from object.h:5,
                 from parser.h:12,
                 from parser.c:16:
material.h:16:17: error: unknown type name â€˜t_mirrorâ€™
   16 |                 t_mirror mirror;
      |                 ^~~~~~~~
parser.c: In function â€˜pars_fillMaterialâ€™:
parser.c:326:17: error: implicit declaration of function â€˜mat_fillPlasticâ€™; did you mean â€˜mat_fillMatteâ€™? [-Werror=implicit-function-declaration]
  326 |                 mat_fillPlastic(mat, 0);
      |                 ^~~~~~~~~~~~~~~
      |                 mat_fillMatte
parser.c:328:17: error: implicit declaration of function â€˜mat_fillMirrorâ€™ [-Werror=implicit-function-declaration]
  328 |                 mat_fillMirror(mat, 0);
      |                 ^~~~~~~~~~~~~~
cc1: all warnings being treated as errors
In file included from object.h:5,
                 from universe.h:4,
                 from camera.h:8,
                 from scene.h:4,
                 from render.c:4:
material.h:16:17: error: unknown type name â€˜t_mirrorâ€™
   16 |                 t_mirror mirror;
      |                 ^~~~~~~~
make: *** [Makefile:3: app] Error 1
